[2017-04-17 07:37:47] production.DEBUG: Flarum\Http\Exception\RouteNotFoundException in /var/www/html/flarum/vendor/flarum/core/src/Http/Middleware/DispatchRoute.php:62
Stack trace:
#0 /var/www/html/flarum/vendor/zendframework/zend-stratigility/src/Dispatch.php(224): Flarum\Http\Middleware\DispatchRoute->__invoke(Object(Zend\Stratigility\Http\Request), Object(Zend\Stratigility\Http\Response), Object(Zend\Stratigility\Next))
#1 /var/www/html/flarum/vendor/zendframework/zend-stratigility/src/Dispatch.php(88): Zend\Stratigility\Dispatch->dispatchCallableMiddleware(Object(Flarum\Http\Middleware\DispatchRoute), Object(Zend\Stratigility\Next), Object(Zend\Stratigility\Http\Request), Object(Zend\Stratigility\Http\Response), NULL)
#2 /var/www/html/flarum/vendor/zendframework/zend-stratigility/src/Next.php(160): Zend\Stratigility\Dispatch->__invoke(Object(Zend\Stratigility\Route), NULL, Object(Zend\Stratigility\Http\Request), Object(Zend\Stratigility\Http\Response), Object(Zend\Stratigility\Next))
#3 /var/www/html/flarum/vendor/flarum/core/src/Http/Middleware/SetLocale.php(50): Zend\Stratigility\Next->__invoke(Object(Zend\Stratigility\Http\Request), Object(Zend\Stratigility\Http\Response))
#4 /var/www/html/flarum/vendor/zendframework/zend-stratigility/src/Dispatch.php(224): Flarum\Http\Middleware\SetLocale->__invoke(Object(Zend\Stratigility\Http\Request), Object(Zend\Stratigility\Http\Response), Object(Zend\Stratigility\Next))
#5 /var/www/html/flarum/vendor/zendframework/zend-stratigility/src/Dispatch.php(88): Zend\Stratigility\Dispatch->dispatchCallableMiddleware(Object(Flarum\Http\Middleware\SetLocale), Object(Zend\Stratigility\Next), Object(Zend\Stratigility\Http\Request), Object(Zend\Stratigility\Http\Response), NULL)
#6 /var/www/html/flarum/vendor/zendframework/zend-stratigility/src/Next.php(160): Zend\Stratigility\Dispatch->__invoke(Object(Zend\Stratigility\Route), NULL, Object(Zend\Stratigility\Http\Request), Object(Zend\Stratigility\Http\Response), Object(Zend\Stratigility\Next))
#7 /var/www/html/flarum/vendor/flarum/core/src/Http/Middleware/AuthenticateWithSession.php(33): Zend\Stratigility\Next->__invoke(Object(Zend\Stratigility\Http\Request), Object(Zend\Stratigility\Http\Response))
#8 /var/www/html/flarum/vendor/zendframework/zend-stratigility/src/Dispatch.php(224): Flarum\Http\Middleware\AuthenticateWithSession->__invoke(Object(Zend\Stratigility\Http\Request), Object(Zend\Stratigility\Http\Response), Object(Zend\Stratigility\Next))
#9 /var/www/html/flarum/vendor/zendframework/zend-stratigility/src/Dispatch.php(88): Zend\Stratigility\Dispatch->dispatchCallableMiddleware(Object(Flarum\Http\Middleware\AuthenticateWithSession), Object(Zend\Stratigility\Next), Object(Zend\Stratigility\Http\Request), Object(Zend\Stratigility\Http\Response), NULL)
#10 /var/www/html/flarum/vendor/zendframework/zend-stratigility/src/Next.php(160): Zend\Stratigility\Dispatch->__invoke(Object(Zend\Stratigility\Route), NULL, Object(Zend\Stratigility\Http\Request), Object(Zend\Stratigility\Http\Response), Object(Zend\Stratigility\Next))
#11 /var/www/html/flarum/vendor/flarum/core/src/Http/Middleware/RememberFromCookie.php(38): Zend\Stratigility\Next->__invoke(Object(Zend\Stratigility\Http\Request), Object(Zend\Stratigility\Http\Response))
#12 /var/www/html/flarum/vendor/zendframework/zend-stratigility/src/Dispatch.php(224): Flarum\Http\Middleware\RememberFromCookie->__invoke(Object(Zend\Stratigility\Http\Request), Object(Zend\Stratigility\Http\Response), Object(Zend\Stratigility\Next))
#13 /var/www/html/flarum/vendor/zendframework/zend-stratigility/src/Dispatch.php(88): Zend\Stratigility\Dispatch->dispatchCallableMiddleware(Object(Flarum\Http\Middleware\RememberFromCookie), Object(Zend\Stratigility\Next), Object(Zend\Stratigility\Http\Request), Object(Zend\Stratigility\Http\Response), NULL)
#14 /var/www/html/flarum/vendor/zendframework/zend-stratigility/src/Next.php(160): Zend\Stratigility\Dispatch->__invoke(Object(Zend\Stratigility\Route), NULL, Object(Zend\Stratigility\Http\Request), Object(Zend\Stratigility\Http\Response), Object(Zend\Stratigility\Next))
#15 /var/www/html/flarum/vendor/flarum/core/src/Http/Middleware/StartSession.php(33): Zend\Stratigility\Next->__invoke(Object(Zend\Stratigility\Http\Request), Object(Zend\Stratigility\Http\Response))
#16 /var/www/html/flarum/vendor/zendframework/zend-stratigility/src/Dispatch.php(224): Flarum\Http\Middleware\StartSession->__invoke(Object(Zend\Stratigility\Http\Request), Object(Zend\Stratigility\Http\Response), Object(Zend\Stratigility\Next))
#17 /var/www/html/flarum/vendor/zendframework/zend-stratigility/src/Dispatch.php(88): Zend\Stratigility\Dispatch->dispatchCallableMiddleware(Object(Flarum\Http\Middleware\StartSession), Object(Zend\Stratigility\Next), Object(Zend\Stratigility\Http\Request), Object(Zend\Stratigility\Http\Response), NULL)
#18 /var/www/html/flarum/vendor/zendframework/zend-stratigility/src/Next.php(160): Zend\Stratigility\Dispatch->__invoke(Object(Zend\Stratigility\Route), NULL, Object(Zend\Stratigility\Http\Request), Object(Zend\Stratigility\Http\Response), Object(Zend\Stratigility\Next))
#19 /var/www/html/flarum/vendor/flarum/core/src/Http/Middleware/ParseJsonBody.php(30): Zend\Stratigility\Next->__invoke(Object(Zend\Stratigility\Http\Request), Object(Zend\Stratigility\Http\Response))
#20 /var/www/html/flarum/vendor/zendframework/zend-stratigility/src/Dispatch.php(224): Flarum\Http\Middleware\ParseJsonBody->__invoke(Object(Zend\Stratigility\Http\Request), Object(Zend\Stratigility\Http\Response), Object(Zend\Stratigility\Next))
#21 /var/www/html/flarum/vendor/zendframework/zend-stratigility/src/Dispatch.php(88): Zend\Stratigility\Dispatch->dispatchCallableMiddleware(Object(Flarum\Http\Middleware\ParseJsonBody), Object(Zend\Stratigility\Next), Object(Zend\Stratigility\Http\Request), Object(Zend\Stratigility\Http\Response), NULL)
#22 /var/www/html/flarum/vendor/zendframework/zend-stratigility/src/Next.php(160): Zend\Stratigility\Dispatch->__invoke(Object(Zend\Stratigility\Route), NULL, Object(Zend\Stratigility\Http\Request), Object(Zend\Stratigility\Http\Response), Object(Zend\Stratigility\Next))
#23 /var/www/html/flarum/vendor/zendframework/zend-stratigility/src/MiddlewarePipe.php(111): Zend\Stratigility\Next->__invoke(Object(Zend\Stratigility\Http\Request), Object(Zend\Stratigility\Http\Response))
#24 /var/www/html/flarum/vendor/flarum/core/src/Http/AbstractServer.php(53): Zend\Stratigility\MiddlewarePipe->__invoke(Object(Zend\Stratigility\Http\Request), Object(Zend\Stratigility\Http\Response), NULL)
#25 /var/www/html/flarum/vendor/zendframework/zend-diactoros/src/Server.php(166): Flarum\Http\AbstractServer->__invoke(Object(Zend\Diactoros\ServerRequest), Object(Zend\Diactoros\Response), NULL)
#26 /var/www/html/flarum/vendor/flarum/core/src/Http/AbstractServer.php(34): Zend\Diactoros\Server->listen()
#27 /var/www/html/flarum/index.php(16): Flarum\Http\AbstractServer->listen()
#28 {main}  
[2017-04-17 07:37:57] production.DEBUG: Flarum\Http\Exception\RouteNotFoundException in /var/www/html/flarum/vendor/flarum/core/src/Http/Middleware/DispatchRoute.php:62
Stack trace:
#0 /var/www/html/flarum/vendor/zendframework/zend-stratigility/src/Dispatch.php(224): Flarum\Http\Middleware\DispatchRoute->__invoke(Object(Zend\Stratigility\Http\Request), Object(Zend\Stratigility\Http\Response), Object(Zend\Stratigility\Next))
#1 /var/www/html/flarum/vendor/zendframework/zend-stratigility/src/Dispatch.php(88): Zend\Stratigility\Dispatch->dispatchCallableMiddleware(Object(Flarum\Http\Middleware\DispatchRoute), Object(Zend\Stratigility\Next), Object(Zend\Stratigility\Http\Request), Object(Zend\Stratigility\Http\Response), NULL)
#2 /var/www/html/flarum/vendor/zendframework/zend-stratigility/src/Next.php(160): Zend\Stratigility\Dispatch->__invoke(Object(Zend\Stratigility\Route), NULL, Object(Zend\Stratigility\Http\Request), Object(Zend\Stratigility\Http\Response), Object(Zend\Stratigility\Next))
#3 /var/www/html/flarum/vendor/flarum/core/src/Http/Middleware/SetLocale.php(50): Zend\Stratigility\Next->__invoke(Object(Zend\Stratigility\Http\Request), Object(Zend\Stratigility\Http\Response))
#4 /var/www/html/flarum/vendor/zendframework/zend-stratigility/src/Dispatch.php(224): Flarum\Http\Middleware\SetLocale->__invoke(Object(Zend\Stratigility\Http\Request), Object(Zend\Stratigility\Http\Response), Object(Zend\Stratigility\Next))
#5 /var/www/html/flarum/vendor/zendframework/zend-stratigility/src/Dispatch.php(88): Zend\Stratigility\Dispatch->dispatchCallableMiddleware(Object(Flarum\Http\Middleware\SetLocale), Object(Zend\Stratigility\Next), Object(Zend\Stratigility\Http\Request), Object(Zend\Stratigility\Http\Response), NULL)
#6 /var/www/html/flarum/vendor/zendframework/zend-stratigility/src/Next.php(160): Zend\Stratigility\Dispatch->__invoke(Object(Zend\Stratigility\Route), NULL, Object(Zend\Stratigility\Http\Request), Object(Zend\Stratigility\Http\Response), Object(Zend\Stratigility\Next))
#7 /var/www/html/flarum/vendor/flarum/core/src/Http/Middleware/AuthenticateWithSession.php(33): Zend\Stratigility\Next->__invoke(Object(Zend\Stratigility\Http\Request), Object(Zend\Stratigility\Http\Response))
#8 /var/www/html/flarum/vendor/zendframework/zend-stratigility/src/Dispatch.php(224): Flarum\Http\Middleware\AuthenticateWithSession->__invoke(Object(Zend\Stratigility\Http\Request), Object(Zend\Stratigility\Http\Response), Object(Zend\Stratigility\Next))
#9 /var/www/html/flarum/vendor/zendframework/zend-stratigility/src/Dispatch.php(88): Zend\Stratigility\Dispatch->dispatchCallableMiddleware(Object(Flarum\Http\Middleware\AuthenticateWithSession), Object(Zend\Stratigility\Next), Object(Zend\Stratigility\Http\Request), Object(Zend\Stratigility\Http\Response), NULL)
#10 /var/www/html/flarum/vendor/zendframework/zend-stratigility/src/Next.php(160): Zend\Stratigility\Dispatch->__invoke(Object(Zend\Stratigility\Route), NULL, Object(Zend\Stratigility\Http\Request), Object(Zend\Stratigility\Http\Response), Object(Zend\Stratigility\Next))
#11 /var/www/html/flarum/vendor/flarum/core/src/Http/Middleware/RememberFromCookie.php(38): Zend\Stratigility\Next->__invoke(Object(Zend\Stratigility\Http\Request), Object(Zend\Stratigility\Http\Response))
#12 /var/www/html/flarum/vendor/zendframework/zend-stratigility/src/Dispatch.php(224): Flarum\Http\Middleware\RememberFromCookie->__invoke(Object(Zend\Stratigility\Http\Request), Object(Zend\Stratigility\Http\Response), Object(Zend\Stratigility\Next))
#13 /var/www/html/flarum/vendor/zendframework/zend-stratigility/src/Dispatch.php(88): Zend\Stratigility\Dispatch->dispatchCallableMiddleware(Object(Flarum\Http\Middleware\RememberFromCookie), Object(Zend\Stratigility\Next), Object(Zend\Stratigility\Http\Request), Object(Zend\Stratigility\Http\Response), NULL)
#14 /var/www/html/flarum/vendor/zendframework/zend-stratigility/src/Next.php(160): Zend\Stratigility\Dispatch->__invoke(Object(Zend\Stratigility\Route), NULL, Object(Zend\Stratigility\Http\Request), Object(Zend\Stratigility\Http\Response), Object(Zend\Stratigility\Next))
#15 /var/www/html/flarum/vendor/flarum/core/src/Http/Middleware/StartSession.php(33): Zend\Stratigility\Next->__invoke(Object(Zend\Stratigility\Http\Request), Object(Zend\Stratigility\Http\Response))
#16 /var/www/html/flarum/vendor/zendframework/zend-stratigility/src/Dispatch.php(224): Flarum\Http\Middleware\StartSession->__invoke(Object(Zend\Stratigility\Http\Request), Object(Zend\Stratigility\Http\Response), Object(Zend\Stratigility\Next))
#17 /var/www/html/flarum/vendor/zendframework/zend-stratigility/src/Dispatch.php(88): Zend\Stratigility\Dispatch->dispatchCallableMiddleware(Object(Flarum\Http\Middleware\StartSession), Object(Zend\Stratigility\Next), Object(Zend\Stratigility\Http\Request), Object(Zend\Stratigility\Http\Response), NULL)
#18 /var/www/html/flarum/vendor/zendframework/zend-stratigility/src/Next.php(160): Zend\Stratigility\Dispatch->__invoke(Object(Zend\Stratigility\Route), NULL, Object(Zend\Stratigility\Http\Request), Object(Zend\Stratigility\Http\Response), Object(Zend\Stratigility\Next))
#19 /var/www/html/flarum/vendor/flarum/core/src/Http/Middleware/ParseJsonBody.php(30): Zend\Stratigility\Next->__invoke(Object(Zend\Stratigility\Http\Request), Object(Zend\Stratigility\Http\Response))
#20 /var/www/html/flarum/vendor/zendframework/zend-stratigility/src/Dispatch.php(224): Flarum\Http\Middleware\ParseJsonBody->__invoke(Object(Zend\Stratigility\Http\Request), Object(Zend\Stratigility\Http\Response), Object(Zend\Stratigility\Next))
#21 /var/www/html/flarum/vendor/zendframework/zend-stratigility/src/Dispatch.php(88): Zend\Stratigility\Dispatch->dispatchCallableMiddleware(Object(Flarum\Http\Middleware\ParseJsonBody), Object(Zend\Stratigility\Next), Object(Zend\Stratigility\Http\Request), Object(Zend\Stratigility\Http\Response), NULL)
#22 /var/www/html/flarum/vendor/zendframework/zend-stratigility/src/Next.php(160): Zend\Stratigility\Dispatch->__invoke(Object(Zend\Stratigility\Route), NULL, Object(Zend\Stratigility\Http\Request), Object(Zend\Stratigility\Http\Response), Object(Zend\Stratigility\Next))
#23 /var/www/html/flarum/vendor/zendframework/zend-stratigility/src/MiddlewarePipe.php(111): Zend\Stratigility\Next->__invoke(Object(Zend\Stratigility\Http\Request), Object(Zend\Stratigility\Http\Response))
#24 /var/www/html/flarum/vendor/flarum/core/src/Http/AbstractServer.php(53): Zend\Stratigility\MiddlewarePipe->__invoke(Object(Zend\Stratigility\Http\Request), Object(Zend\Stratigility\Http\Response), NULL)
#25 /var/www/html/flarum/vendor/zendframework/zend-diactoros/src/Server.php(166): Flarum\Http\AbstractServer->__invoke(Object(Zend\Diactoros\ServerRequest), Object(Zend\Diactoros\Response), NULL)
#26 /var/www/html/flarum/vendor/flarum/core/src/Http/AbstractServer.php(34): Zend\Diactoros\Server->listen()
#27 /var/www/html/flarum/index.php(16): Flarum\Http\AbstractServer->listen()
#28 {main}  
[2017-04-17 07:37:57] production.DEBUG: Flarum\Http\Exception\RouteNotFoundException in /var/www/html/flarum/vendor/flarum/core/src/Http/Middleware/DispatchRoute.php:62
Stack trace:
#0 /var/www/html/flarum/vendor/zendframework/zend-stratigility/src/Dispatch.php(224): Flarum\Http\Middleware\DispatchRoute->__invoke(Object(Zend\Stratigility\Http\Request), Object(Zend\Stratigility\Http\Response), Object(Zend\Stratigility\Next))
#1 /var/www/html/flarum/vendor/zendframework/zend-stratigility/src/Dispatch.php(88): Zend\Stratigility\Dispatch->dispatchCallableMiddleware(Object(Flarum\Http\Middleware\DispatchRoute), Object(Zend\Stratigility\Next), Object(Zend\Stratigility\Http\Request), Object(Zend\Stratigility\Http\Response), NULL)
#2 /var/www/html/flarum/vendor/zendframework/zend-stratigility/src/Next.php(160): Zend\Stratigility\Dispatch->__invoke(Object(Zend\Stratigility\Route), NULL, Object(Zend\Stratigility\Http\Request), Object(Zend\Stratigility\Http\Response), Object(Zend\Stratigility\Next))
#3 /var/www/html/flarum/vendor/flarum/core/src/Http/Middleware/SetLocale.php(50): Zend\Stratigility\Next->__invoke(Object(Zend\Stratigility\Http\Request), Object(Zend\Stratigility\Http\Response))
#4 /var/www/html/flarum/vendor/zendframework/zend-stratigility/src/Dispatch.php(224): Flarum\Http\Middleware\SetLocale->__invoke(Object(Zend\Stratigility\Http\Request), Object(Zend\Stratigility\Http\Response), Object(Zend\Stratigility\Next))
#5 /var/www/html/flarum/vendor/zendframework/zend-stratigility/src/Dispatch.php(88): Zend\Stratigility\Dispatch->dispatchCallableMiddleware(Object(Flarum\Http\Middleware\SetLocale), Object(Zend\Stratigility\Next), Object(Zend\Stratigility\Http\Request), Object(Zend\Stratigility\Http\Response), NULL)
#6 /var/www/html/flarum/vendor/zendframework/zend-stratigility/src/Next.php(160): Zend\Stratigility\Dispatch->__invoke(Object(Zend\Stratigility\Route), NULL, Object(Zend\Stratigility\Http\Request), Object(Zend\Stratigility\Http\Response), Object(Zend\Stratigility\Next))
#7 /var/www/html/flarum/vendor/flarum/core/src/Http/Middleware/AuthenticateWithSession.php(33): Zend\Stratigility\Next->__invoke(Object(Zend\Stratigility\Http\Request), Object(Zend\Stratigility\Http\Response))
#8 /var/www/html/flarum/vendor/zendframework/zend-stratigility/src/Dispatch.php(224): Flarum\Http\Middleware\AuthenticateWithSession->__invoke(Object(Zend\Stratigility\Http\Request), Object(Zend\Stratigility\Http\Response), Object(Zend\Stratigility\Next))
#9 /var/www/html/flarum/vendor/zendframework/zend-stratigility/src/Dispatch.php(88): Zend\Stratigility\Dispatch->dispatchCallableMiddleware(Object(Flarum\Http\Middleware\AuthenticateWithSession), Object(Zend\Stratigility\Next), Object(Zend\Stratigility\Http\Request), Object(Zend\Stratigility\Http\Response), NULL)
#10 /var/www/html/flarum/vendor/zendframework/zend-stratigility/src/Next.php(160): Zend\Stratigility\Dispatch->__invoke(Object(Zend\Stratigility\Route), NULL, Object(Zend\Stratigility\Http\Request), Object(Zend\Stratigility\Http\Response), Object(Zend\Stratigility\Next))
#11 /var/www/html/flarum/vendor/flarum/core/src/Http/Middleware/RememberFromCookie.php(38): Zend\Stratigility\Next->__invoke(Object(Zend\Stratigility\Http\Request), Object(Zend\Stratigility\Http\Response))
#12 /var/www/html/flarum/vendor/zendframework/zend-stratigility/src/Dispatch.php(224): Flarum\Http\Middleware\RememberFromCookie->__invoke(Object(Zend\Stratigility\Http\Request), Object(Zend\Stratigility\Http\Response), Object(Zend\Stratigility\Next))
#13 /var/www/html/flarum/vendor/zendframework/zend-stratigility/src/Dispatch.php(88): Zend\Stratigility\Dispatch->dispatchCallableMiddleware(Object(Flarum\Http\Middleware\RememberFromCookie), Object(Zend\Stratigility\Next), Object(Zend\Stratigility\Http\Request), Object(Zend\Stratigility\Http\Response), NULL)
#14 /var/www/html/flarum/vendor/zendframework/zend-stratigility/src/Next.php(160): Zend\Stratigility\Dispatch->__invoke(Object(Zend\Stratigility\Route), NULL, Object(Zend\Stratigility\Http\Request), Object(Zend\Stratigility\Http\Response), Object(Zend\Stratigility\Next))
#15 /var/www/html/flarum/vendor/flarum/core/src/Http/Middleware/StartSession.php(33): Zend\Stratigility\Next->__invoke(Object(Zend\Stratigility\Http\Request), Object(Zend\Stratigility\Http\Response))
#16 /var/www/html/flarum/vendor/zendframework/zend-stratigility/src/Dispatch.php(224): Flarum\Http\Middleware\StartSession->__invoke(Object(Zend\Stratigility\Http\Request), Object(Zend\Stratigility\Http\Response), Object(Zend\Stratigility\Next))
#17 /var/www/html/flarum/vendor/zendframework/zend-stratigility/src/Dispatch.php(88): Zend\Stratigility\Dispatch->dispatchCallableMiddleware(Object(Flarum\Http\Middleware\StartSession), Object(Zend\Stratigility\Next), Object(Zend\Stratigility\Http\Request), Object(Zend\Stratigility\Http\Response), NULL)
#18 /var/www/html/flarum/vendor/zendframework/zend-stratigility/src/Next.php(160): Zend\Stratigility\Dispatch->__invoke(Object(Zend\Stratigility\Route), NULL, Object(Zend\Stratigility\Http\Request), Object(Zend\Stratigility\Http\Response), Object(Zend\Stratigility\Next))
#19 /var/www/html/flarum/vendor/flarum/core/src/Http/Middleware/ParseJsonBody.php(30): Zend\Stratigility\Next->__invoke(Object(Zend\Stratigility\Http\Request), Object(Zend\Stratigility\Http\Response))
#20 /var/www/html/flarum/vendor/zendframework/zend-stratigility/src/Dispatch.php(224): Flarum\Http\Middleware\ParseJsonBody->__invoke(Object(Zend\Stratigility\Http\Request), Object(Zend\Stratigility\Http\Response), Object(Zend\Stratigility\Next))
#21 /var/www/html/flarum/vendor/zendframework/zend-stratigility/src/Dispatch.php(88): Zend\Stratigility\Dispatch->dispatchCallableMiddleware(Object(Flarum\Http\Middleware\ParseJsonBody), Object(Zend\Stratigility\Next), Object(Zend\Stratigility\Http\Request), Object(Zend\Stratigility\Http\Response), NULL)
#22 /var/www/html/flarum/vendor/zendframework/zend-stratigility/src/Next.php(160): Zend\Stratigility\Dispatch->__invoke(Object(Zend\Stratigility\Route), NULL, Object(Zend\Stratigility\Http\Request), Object(Zend\Stratigility\Http\Response), Object(Zend\Stratigility\Next))
#23 /var/www/html/flarum/vendor/zendframework/zend-stratigility/src/MiddlewarePipe.php(111): Zend\Stratigility\Next->__invoke(Object(Zend\Stratigility\Http\Request), Object(Zend\Stratigility\Http\Response))
#24 /var/www/html/flarum/vendor/flarum/core/src/Http/AbstractServer.php(53): Zend\Stratigility\MiddlewarePipe->__invoke(Object(Zend\Stratigility\Http\Request), Object(Zend\Stratigility\Http\Response), NULL)
#25 /var/www/html/flarum/vendor/zendframework/zend-diactoros/src/Server.php(166): Flarum\Http\AbstractServer->__invoke(Object(Zend\Diactoros\ServerRequest), Object(Zend\Diactoros\Response), NULL)
#26 /var/www/html/flarum/vendor/flarum/core/src/Http/AbstractServer.php(34): Zend\Diactoros\Server->listen()
#27 /var/www/html/flarum/index.php(16): Flarum\Http\AbstractServer->listen()
#28 {main}  
[2017-04-17 07:38:32] production.DEBUG: Flarum\Http\Exception\RouteNotFoundException in /var/www/html/flarum/vendor/flarum/core/src/Http/Middleware/DispatchRoute.php:62
Stack trace:
#0 /var/www/html/flarum/vendor/zendframework/zend-stratigility/src/Dispatch.php(224): Flarum\Http\Middleware\DispatchRoute->__invoke(Object(Zend\Stratigility\Http\Request), Object(Zend\Stratigility\Http\Response), Object(Zend\Stratigility\Next))
#1 /var/www/html/flarum/vendor/zendframework/zend-stratigility/src/Dispatch.php(88): Zend\Stratigility\Dispatch->dispatchCallableMiddleware(Object(Flarum\Http\Middleware\DispatchRoute), Object(Zend\Stratigility\Next), Object(Zend\Stratigility\Http\Request), Object(Zend\Stratigility\Http\Response), NULL)
#2 /var/www/html/flarum/vendor/zendframework/zend-stratigility/src/Next.php(160): Zend\Stratigility\Dispatch->__invoke(Object(Zend\Stratigility\Route), NULL, Object(Zend\Stratigility\Http\Request), Object(Zend\Stratigility\Http\Response), Object(Zend\Stratigility\Next))
#3 /var/www/html/flarum/vendor/flarum/core/src/Http/Middleware/SetLocale.php(50): Zend\Stratigility\Next->__invoke(Object(Zend\Stratigility\Http\Request), Object(Zend\Stratigility\Http\Response))
#4 /var/www/html/flarum/vendor/zendframework/zend-stratigility/src/Dispatch.php(224): Flarum\Http\Middleware\SetLocale->__invoke(Object(Zend\Stratigility\Http\Request), Object(Zend\Stratigility\Http\Response), Object(Zend\Stratigility\Next))
#5 /var/www/html/flarum/vendor/zendframework/zend-stratigility/src/Dispatch.php(88): Zend\Stratigility\Dispatch->dispatchCallableMiddleware(Object(Flarum\Http\Middleware\SetLocale), Object(Zend\Stratigility\Next), Object(Zend\Stratigility\Http\Request), Object(Zend\Stratigility\Http\Response), NULL)
#6 /var/www/html/flarum/vendor/zendframework/zend-stratigility/src/Next.php(160): Zend\Stratigility\Dispatch->__invoke(Object(Zend\Stratigility\Route), NULL, Object(Zend\Stratigility\Http\Request), Object(Zend\Stratigility\Http\Response), Object(Zend\Stratigility\Next))
#7 /var/www/html/flarum/vendor/flarum/core/src/Http/Middleware/AuthenticateWithSession.php(33): Zend\Stratigility\Next->__invoke(Object(Zend\Stratigility\Http\Request), Object(Zend\Stratigility\Http\Response))
#8 /var/www/html/flarum/vendor/zendframework/zend-stratigility/src/Dispatch.php(224): Flarum\Http\Middleware\AuthenticateWithSession->__invoke(Object(Zend\Stratigility\Http\Request), Object(Zend\Stratigility\Http\Response), Object(Zend\Stratigility\Next))
#9 /var/www/html/flarum/vendor/zendframework/zend-stratigility/src/Dispatch.php(88): Zend\Stratigility\Dispatch->dispatchCallableMiddleware(Object(Flarum\Http\Middleware\AuthenticateWithSession), Object(Zend\Stratigility\Next), Object(Zend\Stratigility\Http\Request), Object(Zend\Stratigility\Http\Response), NULL)
#10 /var/www/html/flarum/vendor/zendframework/zend-stratigility/src/Next.php(160): Zend\Stratigility\Dispatch->__invoke(Object(Zend\Stratigility\Route), NULL, Object(Zend\Stratigility\Http\Request), Object(Zend\Stratigility\Http\Response), Object(Zend\Stratigility\Next))
#11 /var/www/html/flarum/vendor/flarum/core/src/Http/Middleware/RememberFromCookie.php(38): Zend\Stratigility\Next->__invoke(Object(Zend\Stratigility\Http\Request), Object(Zend\Stratigility\Http\Response))
#12 /var/www/html/flarum/vendor/zendframework/zend-stratigility/src/Dispatch.php(224): Flarum\Http\Middleware\RememberFromCookie->__invoke(Object(Zend\Stratigility\Http\Request), Object(Zend\Stratigility\Http\Response), Object(Zend\Stratigility\Next))
#13 /var/www/html/flarum/vendor/zendframework/zend-stratigility/src/Dispatch.php(88): Zend\Stratigility\Dispatch->dispatchCallableMiddleware(Object(Flarum\Http\Middleware\RememberFromCookie), Object(Zend\Stratigility\Next), Object(Zend\Stratigility\Http\Request), Object(Zend\Stratigility\Http\Response), NULL)
#14 /var/www/html/flarum/vendor/zendframework/zend-stratigility/src/Next.php(160): Zend\Stratigility\Dispatch->__invoke(Object(Zend\Stratigility\Route), NULL, Object(Zend\Stratigility\Http\Request), Object(Zend\Stratigility\Http\Response), Object(Zend\Stratigility\Next))
#15 /var/www/html/flarum/vendor/flarum/core/src/Http/Middleware/StartSession.php(33): Zend\Stratigility\Next->__invoke(Object(Zend\Stratigility\Http\Request), Object(Zend\Stratigility\Http\Response))
#16 /var/www/html/flarum/vendor/zendframework/zend-stratigility/src/Dispatch.php(224): Flarum\Http\Middleware\StartSession->__invoke(Object(Zend\Stratigility\Http\Request), Object(Zend\Stratigility\Http\Response), Object(Zend\Stratigility\Next))
#17 /var/www/html/flarum/vendor/zendframework/zend-stratigility/src/Dispatch.php(88): Zend\Stratigility\Dispatch->dispatchCallableMiddleware(Object(Flarum\Http\Middleware\StartSession), Object(Zend\Stratigility\Next), Object(Zend\Stratigility\Http\Request), Object(Zend\Stratigility\Http\Response), NULL)
#18 /var/www/html/flarum/vendor/zendframework/zend-stratigility/src/Next.php(160): Zend\Stratigility\Dispatch->__invoke(Object(Zend\Stratigility\Route), NULL, Object(Zend\Stratigility\Http\Request), Object(Zend\Stratigility\Http\Response), Object(Zend\Stratigility\Next))
#19 /var/www/html/flarum/vendor/flarum/core/src/Http/Middleware/ParseJsonBody.php(30): Zend\Stratigility\Next->__invoke(Object(Zend\Stratigility\Http\Request), Object(Zend\Stratigility\Http\Response))
#20 /var/www/html/flarum/vendor/zendframework/zend-stratigility/src/Dispatch.php(224): Flarum\Http\Middleware\ParseJsonBody->__invoke(Object(Zend\Stratigility\Http\Request), Object(Zend\Stratigility\Http\Response), Object(Zend\Stratigility\Next))
#21 /var/www/html/flarum/vendor/zendframework/zend-stratigility/src/Dispatch.php(88): Zend\Stratigility\Dispatch->dispatchCallableMiddleware(Object(Flarum\Http\Middleware\ParseJsonBody), Object(Zend\Stratigility\Next), Object(Zend\Stratigility\Http\Request), Object(Zend\Stratigility\Http\Response), NULL)
#22 /var/www/html/flarum/vendor/zendframework/zend-stratigility/src/Next.php(160): Zend\Stratigility\Dispatch->__invoke(Object(Zend\Stratigility\Route), NULL, Object(Zend\Stratigility\Http\Request), Object(Zend\Stratigility\Http\Response), Object(Zend\Stratigility\Next))
#23 /var/www/html/flarum/vendor/zendframework/zend-stratigility/src/MiddlewarePipe.php(111): Zend\Stratigility\Next->__invoke(Object(Zend\Stratigility\Http\Request), Object(Zend\Stratigility\Http\Response))
#24 /var/www/html/flarum/vendor/flarum/core/src/Http/AbstractServer.php(53): Zend\Stratigility\MiddlewarePipe->__invoke(Object(Zend\Stratigility\Http\Request), Object(Zend\Stratigility\Http\Response), NULL)
#25 /var/www/html/flarum/vendor/zendframework/zend-diactoros/src/Server.php(166): Flarum\Http\AbstractServer->__invoke(Object(Zend\Diactoros\ServerRequest), Object(Zend\Diactoros\Response), NULL)
#26 /var/www/html/flarum/vendor/flarum/core/src/Http/AbstractServer.php(34): Zend\Diactoros\Server->listen()
#27 /var/www/html/flarum/index.php(16): Flarum\Http\AbstractServer->listen()
#28 {main}  
[2017-04-17 07:38:32] production.DEBUG: Flarum\Http\Exception\RouteNotFoundException in /var/www/html/flarum/vendor/flarum/core/src/Http/Middleware/DispatchRoute.php:62
Stack trace:
#0 /var/www/html/flarum/vendor/zendframework/zend-stratigility/src/Dispatch.php(224): Flarum\Http\Middleware\DispatchRoute->__invoke(Object(Zend\Stratigility\Http\Request), Object(Zend\Stratigility\Http\Response), Object(Zend\Stratigility\Next))
#1 /var/www/html/flarum/vendor/zendframework/zend-stratigility/src/Dispatch.php(88): Zend\Stratigility\Dispatch->dispatchCallableMiddleware(Object(Flarum\Http\Middleware\DispatchRoute), Object(Zend\Stratigility\Next), Object(Zend\Stratigility\Http\Request), Object(Zend\Stratigility\Http\Response), NULL)
#2 /var/www/html/flarum/vendor/zendframework/zend-stratigility/src/Next.php(160): Zend\Stratigility\Dispatch->__invoke(Object(Zend\Stratigility\Route), NULL, Object(Zend\Stratigility\Http\Request), Object(Zend\Stratigility\Http\Response), Object(Zend\Stratigility\Next))
#3 /var/www/html/flarum/vendor/flarum/core/src/Http/Middleware/SetLocale.php(50): Zend\Stratigility\Next->__invoke(Object(Zend\Stratigility\Http\Request), Object(Zend\Stratigility\Http\Response))
#4 /var/www/html/flarum/vendor/zendframework/zend-stratigility/src/Dispatch.php(224): Flarum\Http\Middleware\SetLocale->__invoke(Object(Zend\Stratigility\Http\Request), Object(Zend\Stratigility\Http\Response), Object(Zend\Stratigility\Next))
#5 /var/www/html/flarum/vendor/zendframework/zend-stratigility/src/Dispatch.php(88): Zend\Stratigility\Dispatch->dispatchCallableMiddleware(Object(Flarum\Http\Middleware\SetLocale), Object(Zend\Stratigility\Next), Object(Zend\Stratigility\Http\Request), Object(Zend\Stratigility\Http\Response), NULL)
#6 /var/www/html/flarum/vendor/zendframework/zend-stratigility/src/Next.php(160): Zend\Stratigility\Dispatch->__invoke(Object(Zend\Stratigility\Route), NULL, Object(Zend\Stratigility\Http\Request), Object(Zend\Stratigility\Http\Response), Object(Zend\Stratigility\Next))
#7 /var/www/html/flarum/vendor/flarum/core/src/Http/Middleware/AuthenticateWithSession.php(33): Zend\Stratigility\Next->__invoke(Object(Zend\Stratigility\Http\Request), Object(Zend\Stratigility\Http\Response))
#8 /var/www/html/flarum/vendor/zendframework/zend-stratigility/src/Dispatch.php(224): Flarum\Http\Middleware\AuthenticateWithSession->__invoke(Object(Zend\Stratigility\Http\Request), Object(Zend\Stratigility\Http\Response), Object(Zend\Stratigility\Next))
#9 /var/www/html/flarum/vendor/zendframework/zend-stratigility/src/Dispatch.php(88): Zend\Stratigility\Dispatch->dispatchCallableMiddleware(Object(Flarum\Http\Middleware\AuthenticateWithSession), Object(Zend\Stratigility\Next), Object(Zend\Stratigility\Http\Request), Object(Zend\Stratigility\Http\Response), NULL)
#10 /var/www/html/flarum/vendor/zendframework/zend-stratigility/src/Next.php(160): Zend\Stratigility\Dispatch->__invoke(Object(Zend\Stratigility\Route), NULL, Object(Zend\Stratigility\Http\Request), Object(Zend\Stratigility\Http\Response), Object(Zend\Stratigility\Next))
#11 /var/www/html/flarum/vendor/flarum/core/src/Http/Middleware/RememberFromCookie.php(38): Zend\Stratigility\Next->__invoke(Object(Zend\Stratigility\Http\Request), Object(Zend\Stratigility\Http\Response))
#12 /var/www/html/flarum/vendor/zendframework/zend-stratigility/src/Dispatch.php(224): Flarum\Http\Middleware\RememberFromCookie->__invoke(Object(Zend\Stratigility\Http\Request), Object(Zend\Stratigility\Http\Response), Object(Zend\Stratigility\Next))
#13 /var/www/html/flarum/vendor/zendframework/zend-stratigility/src/Dispatch.php(88): Zend\Stratigility\Dispatch->dispatchCallableMiddleware(Object(Flarum\Http\Middleware\RememberFromCookie), Object(Zend\Stratigility\Next), Object(Zend\Stratigility\Http\Request), Object(Zend\Stratigility\Http\Response), NULL)
#14 /var/www/html/flarum/vendor/zendframework/zend-stratigility/src/Next.php(160): Zend\Stratigility\Dispatch->__invoke(Object(Zend\Stratigility\Route), NULL, Object(Zend\Stratigility\Http\Request), Object(Zend\Stratigility\Http\Response), Object(Zend\Stratigility\Next))
#15 /var/www/html/flarum/vendor/flarum/core/src/Http/Middleware/StartSession.php(33): Zend\Stratigility\Next->__invoke(Object(Zend\Stratigility\Http\Request), Object(Zend\Stratigility\Http\Response))
#16 /var/www/html/flarum/vendor/zendframework/zend-stratigility/src/Dispatch.php(224): Flarum\Http\Middleware\StartSession->__invoke(Object(Zend\Stratigility\Http\Request), Object(Zend\Stratigility\Http\Response), Object(Zend\Stratigility\Next))
#17 /var/www/html/flarum/vendor/zendframework/zend-stratigility/src/Dispatch.php(88): Zend\Stratigility\Dispatch->dispatchCallableMiddleware(Object(Flarum\Http\Middleware\StartSession), Object(Zend\Stratigility\Next), Object(Zend\Stratigility\Http\Request), Object(Zend\Stratigility\Http\Response), NULL)
#18 /var/www/html/flarum/vendor/zendframework/zend-stratigility/src/Next.php(160): Zend\Stratigility\Dispatch->__invoke(Object(Zend\Stratigility\Route), NULL, Object(Zend\Stratigility\Http\Request), Object(Zend\Stratigility\Http\Response), Object(Zend\Stratigility\Next))
#19 /var/www/html/flarum/vendor/flarum/core/src/Http/Middleware/ParseJsonBody.php(30): Zend\Stratigility\Next->__invoke(Object(Zend\Stratigility\Http\Request), Object(Zend\Stratigility\Http\Response))
#20 /var/www/html/flarum/vendor/zendframework/zend-stratigility/src/Dispatch.php(224): Flarum\Http\Middleware\ParseJsonBody->__invoke(Object(Zend\Stratigility\Http\Request), Object(Zend\Stratigility\Http\Response), Object(Zend\Stratigility\Next))
#21 /var/www/html/flarum/vendor/zendframework/zend-stratigility/src/Dispatch.php(88): Zend\Stratigility\Dispatch->dispatchCallableMiddleware(Object(Flarum\Http\Middleware\ParseJsonBody), Object(Zend\Stratigility\Next), Object(Zend\Stratigility\Http\Request), Object(Zend\Stratigility\Http\Response), NULL)
#22 /var/www/html/flarum/vendor/zendframework/zend-stratigility/src/Next.php(160): Zend\Stratigility\Dispatch->__invoke(Object(Zend\Stratigility\Route), NULL, Object(Zend\Stratigility\Http\Request), Object(Zend\Stratigility\Http\Response), Object(Zend\Stratigility\Next))
#23 /var/www/html/flarum/vendor/zendframework/zend-stratigility/src/MiddlewarePipe.php(111): Zend\Stratigility\Next->__invoke(Object(Zend\Stratigility\Http\Request), Object(Zend\Stratigility\Http\Response))
#24 /var/www/html/flarum/vendor/flarum/core/src/Http/AbstractServer.php(53): Zend\Stratigility\MiddlewarePipe->__invoke(Object(Zend\Stratigility\Http\Request), Object(Zend\Stratigility\Http\Response), NULL)
#25 /var/www/html/flarum/vendor/zendframework/zend-diactoros/src/Server.php(166): Flarum\Http\AbstractServer->__invoke(Object(Zend\Diactoros\ServerRequest), Object(Zend\Diactoros\Response), NULL)
#26 /var/www/html/flarum/vendor/flarum/core/src/Http/AbstractServer.php(34): Zend\Diactoros\Server->listen()
#27 /var/www/html/flarum/index.php(16): Flarum\Http\AbstractServer->listen()
#28 {main}  
